<?xml version="1.0" encoding="UTF-8"?>
<!-- Generated by org.testng.reporters.JUnitReportReporter -->
<testsuite skipped="0" hostname="BDC8-LX-01346D4" name="RestAssurredDemo.RestAssurredDemo.Test_PUT" tests="1" failures="0" timestamp="23 Mar 2021 12:24:31 GMT" time="5.153" errors="0">
  <testcase name="Test01_POST" time="5.153" classname="RestAssurredDemo.RestAssurredDemo.Test_PUT"/>
</testsuite> <!-- RestAssurredDemo.RestAssurredDemo.Test_PUT -->
