<?xml version="1.0" encoding="UTF-8"?>
<!-- Generated by org.testng.reporters.JUnitReportReporter -->
<testsuite skipped="0" hostname="BDC8-LX-01346D4" name="RestAssurredDemo.RestAssurredDemo.Test_Patch" tests="1" failures="0" timestamp="24 Mar 2021 06:22:35 GMT" time="3.843" errors="0">
  <testcase name="Test01_POST" time="3.843" classname="RestAssurredDemo.RestAssurredDemo.Test_Patch"/>
</testsuite> <!-- RestAssurredDemo.RestAssurredDemo.Test_Patch -->
