<?xml version="1.0" encoding="UTF-8"?>
<!-- Generated by org.testng.reporters.JUnitReportReporter -->
<testsuite skipped="0" hostname="BDC8-LX-01346D4" name="RestAssurredDemo.RestAssurredDemo.TestingOwnApi" tests="1" failures="0" timestamp="24 Mar 2021 08:37:14 GMT" time="1.953" errors="0">
  <testcase name="test_put" time="1.953" classname="RestAssurredDemo.RestAssurredDemo.TestingOwnApi"/>
</testsuite> <!-- RestAssurredDemo.RestAssurredDemo.TestingOwnApi -->
