<?xml version="1.0" encoding="UTF-8"?>
<!-- Generated by org.testng.reporters.JUnitReportReporter -->
<testsuite skipped="0" hostname="BDC8-LX-01346D4" name="RestAssurredDemo.RestAssurredDemo.Test_DELETE" tests="1" failures="0" timestamp="23 Mar 2021 13:24:14 GMT" time="3.875" errors="0">
  <testcase name="Test01_POST" time="3.875" classname="RestAssurredDemo.RestAssurredDemo.Test_DELETE"/>
</testsuite> <!-- RestAssurredDemo.RestAssurredDemo.Test_DELETE -->
