<?xml version="1.0" encoding="UTF-8"?>
<!-- Generated by org.testng.reporters.JUnitReportReporter -->
<testsuite skipped="0" hostname="BDC8-LX-01346D4" name="RestAssurredDemo.RestAssurredDemo.Test_POST" tests="1" failures="0" timestamp="23 Mar 2021 10:49:42 GMT" time="3.328" errors="0">
  <testcase name="Test01_POST" time="3.328" classname="RestAssurredDemo.RestAssurredDemo.Test_POST"/>
</testsuite> <!-- RestAssurredDemo.RestAssurredDemo.Test_POST -->
