<?xml version="1.0" encoding="UTF-8"?>
<!-- Generated by org.testng.reporters.JUnitReportReporter -->
<testsuite skipped="0" hostname="BDC8-LX-01346D4" name="parameterization.Parameterization" tests="1" failures="0" timestamp="24 Mar 2021 15:20:08 GMT" time="3.372" errors="0">
  <testcase name="test_Post" time="3.372" classname="parameterization.Parameterization"/>
</testsuite> <!-- parameterization.Parameterization -->
